<?xml version="1.0" encoding="UTF-8"?>
<!-- Generated by org.testng.reporters.JUnitReportReporter -->
<testsuite hostname="DESKTOP-BUCLSCO" failures="0" tests="1" name="TestScripts.Test_ActiTimeLogin" time="9.822" errors="0" timestamp="2020-09-12T13:00:13 IST" skipped="0">
  <testcase classname="TestScripts.Test_ActiTimeLogin" name="loginApp" time="9.822"/>
</testsuite> <!-- TestScripts.Test_ActiTimeLogin -->
