<?xml version="1.0" encoding="UTF-8"?>
<!-- Generated by org.testng.reporters.JUnitReportReporter -->
<testsuite hostname="DESKTOP-BUCLSCO" failures="0" tests="1" name="TestScripts.Test_ActiTimeLoginPage" time="9.904" errors="0" timestamp="2020-09-10T13:13:45 IST" skipped="0">
  <testcase classname="TestScripts.Test_ActiTimeLoginPage" name="LoginToActiTimeApp" time="9.904"/>
</testsuite> <!-- TestScripts.Test_ActiTimeLoginPage -->
